[INFO] Command started at: Wed, 20 Nov 2019 08:32:58
[INFO] Command issued:
    ../../cont_annot_gcor.py \
        --min-maf 0.05 \
        --nbins 5 \
        --coef ./sim1.txt \
        --frqfile /n/groups/price/huwenbo/PART_TE_GCOV/simulation/data/haplotype/plink/relcutoff_35k/EAS_ref/EAS_ref. /n/groups/price/huwenbo/PART_TE_GCOV/simulation/data/haplotype/plink/relcutoff_35k/EUR_ref/EUR_ref. \
        --apply-shrinkage 0.5 \
        --annot /n/groups/price/huwenbo/PART_TE_GCOV/simulation/data/annotation_35k/annot_baseline/annot_files/baseline. /n/groups/price/huwenbo/PART_TE_GCOV/simulation/data/annotation_35k/annot_gerp/annot_files/gerp. /n/groups/price/huwenbo/PART_TE_GCOV/simulation/data/annotation_35k/annot_fst/annot_files/fst. /n/groups/price/huwenbo/PART_TE_GCOV/simulation/data/annotation_35k/annot_recomb/annot_files/recomb. /n/groups/price/huwenbo/PART_TE_GCOV/simulation/data/annotation_35k/annot_diversity/annot_files/diversity. /n/groups/price/huwenbo/PART_TE_GCOV/simulation/data/annotation_35k/annot_avglld/annot_files/avglld. /n/groups/price/huwenbo/PART_TE_GCOV/simulation/data/annotation_35k/annot_bstat/annot_files/bstat. /n/groups/price/huwenbo/PART_TE_GCOV/simulation/data/annotation_35k/annot_alleleage/annot_files/alleleage. /n/groups/price/huwenbo/PART_TE_GCOV/simulation/data/annotation_35k/annot_cpg/annot_files/cpg. \
        --use-chrom 1 3 \
        --names GERP_NS FST Recomb_rate_10kb Nucleotide_Diversity_10kb AVGLLD BSTAT ALLELEAGE CpG \
        --out ./sim1_cont5.txt
[INFO] GERP_NS 1-th bin: interval (-1e-05, 0.194999992847], nsnp 203884,  mean 0.070930108428, median 0.0465000011027
[INFO] GERP_NS 2-th bin: interval (0.194999992847, 1.0], nsnp 202058,  mean 0.486641287804, median 0.451999992132
[INFO] GERP_NS 3-th bin: interval (1.0, 2.36999988556], nsnp 203903,  mean 1.74178147316, median 1.76999998093
[INFO] GERP_NS 4-th bin: interval (2.36999988556, 3.40000009537], nsnp 202467,  mean 2.89250993729, median 2.8900001049
[INFO] GERP_NS 5-th bin: interval (3.40000009537, 6.17000007629], nsnp 201940,  mean 4.21999597549, median 4.05000019073
[INFO] FST 1-th bin: interval (-0.00112578998622, 0.00472903018817], nsnp 202853,  mean 0.000885577057488, median 0.000387503008824
[INFO] FST 2-th bin: interval (0.00472903018817, 0.0242412198335], nsnp 202848,  mean 0.0130972480401, median 0.0124305002391
[INFO] FST 3-th bin: interval (0.0242412198335, 0.0643540993333], nsnp 202853,  mean 0.0419617779553, median 0.0407819002867
[INFO] FST 4-th bin: interval (0.0643540993333, 0.145142602921], nsnp 202847,  mean 0.0998183712363, median 0.0975435972214
[INFO] FST 5-th bin: interval (0.145142602921, 0.828960001469], nsnp 202851,  mean 0.26087269187, median 0.230081006885
[INFO] Recomb_rate_10kb 1-th bin: interval (-1e-05, 0.143500000238], nsnp 203089,  mean 0.066436752677, median 0.0654999986291
[INFO] Recomb_rate_10kb 2-th bin: interval (0.143500000238, 0.354058009386], nsnp 202612,  mean 0.240822210908, median 0.23655000329
[INFO] Recomb_rate_10kb 3-th bin: interval (0.354058009386, 0.76167999506], nsnp 202850,  mean 0.530226528645, median 0.518499970436
[INFO] Recomb_rate_10kb 4-th bin: interval (0.76167999506, 1.97300004959], nsnp 202880,  mean 1.24202799797, median 1.18550002575
[INFO] Recomb_rate_10kb 5-th bin: interval (1.97300004959, 34.763999939], nsnp 202821,  mean 4.93725204468, median 3.92050004005
[INFO] Nucleotide_Diversity_10kb 1-th bin: interval (0.0499900007451, 3.29999995232], nsnp 209575,  mean 2.74284744263, median 2.84999990463
[INFO] Nucleotide_Diversity_10kb 2-th bin: interval (3.29999995232, 4.0], nsnp 198023,  mean 3.68424534798, median 3.70000004768
[INFO] Nucleotide_Diversity_10kb 3-th bin: interval (4.0, 4.75], nsnp 212935,  mean 4.3911242485, median 4.40000009537
[INFO] Nucleotide_Diversity_10kb 4-th bin: interval (4.75, 5.69999980927], nsnp 191642,  mean 5.21059417725, median 5.19999980927
[INFO] Nucleotide_Diversity_10kb 5-th bin: interval (5.69999980927, 18.1499996185], nsnp 202077,  mean 7.00411272049, median 6.65000009537
[INFO] AVGLLD 1-th bin: interval (-4.269125448, -0.824380362034], nsnp 202851,  mean -1.38584434986, median -1.26705026627
[INFO] AVGLLD 2-th bin: interval (-0.824380362034, -0.228693494201], nsnp 202850,  mean -0.510904729366, median -0.503524899483
[INFO] AVGLLD 3-th bin: interval (-0.228693494201, 0.235290065408], nsnp 202850,  mean 0.00316264410503, median 0.0
[INFO] AVGLLD 4-th bin: interval (0.235290065408, 0.830118536949], nsnp 202850,  mean 0.51710242033, median 0.509709596634
[INFO] AVGLLD 5-th bin: interval (0.830118536949, 4.269115448], nsnp 202851,  mean 1.38943588734, median 1.27078044415
[INFO] BSTAT 1-th bin: interval (-1e-05, 0.054999999702], nsnp 204344,  mean 0.0335259176791, median 0.035000000149
[INFO] BSTAT 2-th bin: interval (0.054999999702, 0.104000002146], nsnp 203669,  mean 0.0790365487337, median 0.0780000016093
[INFO] BSTAT 3-th bin: interval (0.104000002146, 0.180999994278], nsnp 203132,  mean 0.139741018414, median 0.137999996543
[INFO] BSTAT 4-th bin: interval (0.180999994278, 0.333999991417], nsnp 200386,  mean 0.246775537729, median 0.239999994636
[INFO] BSTAT 5-th bin: interval (0.333999991417, 1.0], nsnp 202721,  mean 0.531710743904, median 0.490999996662
[INFO] ALLELEAGE 1-th bin: interval (-4.38573216034, -0.760281026363], nsnp 202853,  mean -1.32918715477, median -1.20896947384
[INFO] ALLELEAGE 2-th bin: interval (-0.760281026363, -0.145816001296], nsnp 202848,  mean -0.438692748547, median -0.431717783213
[INFO] ALLELEAGE 3-th bin: interval (-0.145816001296, 0.180614885688], nsnp 202850,  mean 0.0102464295924, median 0.0
[INFO] ALLELEAGE 4-th bin: interval (0.180614885688, 0.795167827606], nsnp 202850,  mean 0.473485529423, median 0.466416925192
[INFO] ALLELEAGE 5-th bin: interval (0.795167827606, 4.38572216034], nsnp 202851,  mean 1.36771774292, median 1.24778568745
[INFO] CpG 1-th bin: interval (0.00370000007726, 0.00581000000238], nsnp 202878,  mean 0.00526951765642, median 0.00533000007272
[INFO] CpG 2-th bin: interval (0.00581000000238, 0.00690999999642], nsnp 203463,  mean 0.00633153598756, median 0.00631000008434
[INFO] CpG 3-th bin: interval (0.00690999999642, 0.00882999971509], nsnp 202895,  mean 0.00776871619746, median 0.00771000003442
[INFO] CpG 4-th bin: interval (0.00882999971509, 0.0120500000194], nsnp 202273,  mean 0.0102656939998, median 0.0101899998263
[INFO] CpG 5-th bin: interval (0.0120500000194, 0.0465800017118], nsnp 202743,  mean 0.0162473544478, median 0.0150899998844
[INFO] Command finished at: Wed, 20 Nov 2019 08:33:51
